<?xml version="1.0" encoding="UTF-8"?>
<!-- Generated by org.testng.reporters.JUnitXMLReporter -->
<testsuite ignored="0" hostname="DESKTOP-U1NTV51" failures="0" tests="5" name="Command line test" time="0.081" errors="0" timestamp="2020-04-02T00:01:35 CDT">
  <testcase classname="Testing_VM" name="test1" time="0.004"/>
  <testcase classname="Testing_VM" name="test2" time="0.0"/>
  <testcase classname="Testing_VM" name="test3" time="0.0"/>
  <testcase classname="Testing_VM" name="test4" time="0.0"/>
  <testcase classname="Testing_VM" name="test5" time="0.0"/>
</testsuite> <!-- Command line test -->
