<?xml version="1.0" encoding="UTF-8"?>
<testng-results ignored="0" total="5" passed="5" failed="0" skipped="0">
  <reporter-output>
  </reporter-output>
  <suite started-at="2020-04-01T22:53:43 CDT" name="Testing_VM" finished-at="2020-04-01T22:53:43 CDT" duration-ms="81">
    <groups>
    </groups>
    <test started-at="2020-04-01T22:53:43 CDT" name="Command line test" finished-at="2020-04-01T22:53:43 CDT" duration-ms="81">
      <class name="Testing_VM">
        <test-method is-config="true" signature="defaultTransaction()[pri:0, instance:Testing_VM@1b1473ab]" started-at="2020-04-01T22:53:43 CDT" name="defaultTransaction" description="sell coke: decrements number of cokes &amp; correct coins, correctly" finished-at="2020-04-01T22:53:43 CDT" duration-ms="15" status="PASS">
          <reporter-output>
          </reporter-output>
        </test-method> <!-- defaultTransaction -->
        <test-method signature="test1()[pri:0, instance:Testing_VM@1b1473ab]" started-at="2020-04-01T22:53:43 CDT" name="test1" description="check about the machine if it gave the right product and the remaining amount" finished-at="2020-04-01T22:53:43 CDT" duration-ms="6" status="PASS">
          <reporter-output>
          </reporter-output>
        </test-method> <!-- test1 -->
        <test-method is-config="true" signature="defaultTransaction()[pri:0, instance:Testing_VM@1b1473ab]" started-at="2020-04-01T22:53:43 CDT" name="defaultTransaction" description="sell coke: decrements number of cokes &amp; correct coins, correctly" finished-at="2020-04-01T22:53:43 CDT" duration-ms="1" status="PASS">
          <reporter-output>
          </reporter-output>
        </test-method> <!-- defaultTransaction -->
        <test-method signature="test2()[pri:0, instance:Testing_VM@1b1473ab]" started-at="2020-04-01T22:53:43 CDT" name="test2" description="for penny = 1 thereshould be :10 " finished-at="2020-04-01T22:53:43 CDT" duration-ms="0" status="PASS">
          <reporter-output>
          </reporter-output>
        </test-method> <!-- test2 -->
        <test-method is-config="true" signature="defaultTransaction()[pri:0, instance:Testing_VM@1b1473ab]" started-at="2020-04-01T22:53:43 CDT" name="defaultTransaction" description="sell coke: decrements number of cokes &amp; correct coins, correctly" finished-at="2020-04-01T22:53:43 CDT" duration-ms="0" status="PASS">
          <reporter-output>
          </reporter-output>
        </test-method> <!-- defaultTransaction -->
        <test-method signature="test3()[pri:0, instance:Testing_VM@1b1473ab]" started-at="2020-04-01T22:53:43 CDT" name="test3" description="for nickel = 5 thereshould be :11" finished-at="2020-04-01T22:53:43 CDT" duration-ms="1" status="PASS">
          <reporter-output>
          </reporter-output>
        </test-method> <!-- test3 -->
        <test-method signature="test4()[pri:0, instance:Testing_VM@1b1473ab]" started-at="2020-04-01T22:53:43 CDT" name="test4" description="for dime = 10 thereshould be :12" finished-at="2020-04-01T22:53:43 CDT" duration-ms="0" status="PASS">
          <reporter-output>
          </reporter-output>
        </test-method> <!-- test4 -->
        <test-method is-config="true" signature="defaultTransaction()[pri:0, instance:Testing_VM@1b1473ab]" started-at="2020-04-01T22:53:43 CDT" name="defaultTransaction" description="sell coke: decrements number of cokes &amp; correct coins, correctly" finished-at="2020-04-01T22:53:43 CDT" duration-ms="0" status="PASS">
          <reporter-output>
          </reporter-output>
        </test-method> <!-- defaultTransaction -->
        <test-method signature="test5()[pri:0, instance:Testing_VM@1b1473ab]" started-at="2020-04-01T22:53:43 CDT" name="test5" description="for quarter = 25 thereshould be :10" finished-at="2020-04-01T22:53:43 CDT" duration-ms="0" status="PASS">
          <reporter-output>
          </reporter-output>
        </test-method> <!-- test5 -->
        <test-method is-config="true" signature="defaultTransaction()[pri:0, instance:Testing_VM@1b1473ab]" started-at="2020-04-01T22:53:43 CDT" name="defaultTransaction" description="sell coke: decrements number of cokes &amp; correct coins, correctly" finished-at="2020-04-01T22:53:43 CDT" duration-ms="0" status="PASS">
          <reporter-output>
          </reporter-output>
        </test-method> <!-- defaultTransaction -->
      </class> <!-- Testing_VM -->
    </test> <!-- Command line test -->
  </suite> <!-- Testing_VM -->
</testng-results>
